# JRE version: OpenJDK Runtime Environment (8.0_242-b01) (build 1.8.0_242-release-1644-b01)
# Java VM: OpenJDK 64-Bit Server VM (25.242-b01 mixed mode windows-amd64 compressed oops)
Heap:
 PSYoungGen      total 133120K, used 16154K [0x00000000e0000000, 0x00000000eb480000, 0x0000000100000000)
  eden space 117248K, 13% used [0x00000000e0000000,0x00000000e0fc6910,0x00000000e7280000)
  from space 15872K, 0% used [0x00000000e8280000,0x00000000e8280000,0x00000000e9200000)
  to   space 16384K, 0% used [0x00000000e7280000,0x00000000e7280000,0x00000000e8280000)
 ParOldGen       total 109056K, used 32086K [0x00000000a0000000, 0x00000000a6a80000, 0x00000000e0000000)
  object space 109056K, 29% used [0x00000000a0000000,0x00000000a1f55968,0x00000000a6a80000)
 Metaspace       used 57989K, capacity 60080K, committed 60456K, reserved 1101824K
  class space    used 7894K, capacity 8373K, committed 8488K, reserved 1048576K
GC Heap History (10 events):
Event: 27.015 GC heap before
{Heap before GC invocations=15 (full 2):
 PSYoungGen      total 86016K, used 85644K [0x00000000e0000000, 0x00000000e6a00000, 0x0000000100000000)
  eden space 80896K, 100% used [0x00000000e0000000,0x00000000e4f00000,0x00000000e4f00000)
  from space 5120K, 92% used [0x00000000e6500000,0x00000000e69a3110,0x00000000e6a00000)
  to   space 10240K, 0% used [0x00000000e5600000,0x00000000e5600000,0x00000000e6000000)
 ParOldGen       total 87552K, used 16649K [0x00000000a0000000, 0x00000000a5580000, 0x00000000e0000000)
  object space 87552K, 19% used [0x00000000a0000000,0x00000000a1042570,0x00000000a5580000)
 Metaspace       used 45355K, capacity 47092K, committed 47272K, reserved 1089536K
  class space    used 6147K, capacity 6545K, committed 6568K, reserved 1048576K
Event: 27.060 GC heap after
Heap after GC invocations=15 (full 2):
 PSYoungGen      total 98304K, used 10229K [0x00000000e0000000, 0x00000000e7a00000, 0x0000000100000000)
  eden space 88064K, 0% used [0x00000000e0000000,0x00000000e0000000,0x00000000e5600000)
  from space 10240K, 99% used [0x00000000e5600000,0x00000000e5ffd5b0,0x00000000e6000000)
  to   space 13312K, 0% used [0x00000000e6d00000,0x00000000e6d00000,0x00000000e7a00000)
 ParOldGen       total 87552K, used 21347K [0x00000000a0000000, 0x00000000a5580000, 0x00000000e0000000)
  object space 87552K, 24% used [0x00000000a0000000,0x00000000a14d8f00,0x00000000a5580000)
 Metaspace       used 45355K, capacity 47092K, committed 47272K, reserved 1089536K
  class space    used 6147K, capacity 6545K, committed 6568K, reserved 1048576K
}
Event: 33.208 GC heap before
{Heap before GC invocations=16 (full 2):
 PSYoungGen      total 98304K, used 98293K [0x00000000e0000000, 0x00000000e7a00000, 0x0000000100000000)
  eden space 88064K, 100% used [0x00000000e0000000,0x00000000e5600000,0x00000000e5600000)
  from space 10240K, 99% used [0x00000000e5600000,0x00000000e5ffd5b0,0x00000000e6000000)
  to   space 13312K, 0% used [0x00000000e6d00000,0x00000000e6d00000,0x00000000e7a00000)
 ParOldGen       total 87552K, used 21347K [0x00000000a0000000, 0x00000000a5580000, 0x00000000e0000000)
  object space 87552K, 24% used [0x00000000a0000000,0x00000000a14d8f00,0x00000000a5580000)
 Metaspace       used 52029K, capacity 53930K, committed 54056K, reserved 1095680K
  class space    used 6983K, capacity 7431K, committed 7464K, reserved 1048576K
Event: 33.279 GC heap after
Heap after GC invocations=16 (full 2):
 PSYoungGen      total 110592K, used 10542K [0x00000000e0000000, 0x00000000e8500000, 0x0000000100000000)
  eden space 97280K, 0% used [0x00000000e0000000,0x00000000e0000000,0x00000000e5f00000)
  from space 13312K, 79% used [0x00000000e6d00000,0x00000000e774ba80,0x00000000e7a00000)
  to   space 14336K, 0% used [0x00000000e5f00000,0x00000000e5f00000,0x00000000e6d00000)
 ParOldGen       total 87552K, used 28537K [0x00000000a0000000, 0x00000000a5580000, 0x00000000e0000000)
  object space 87552K, 32% used [0x00000000a0000000,0x00000000a1bde798,0x00000000a5580000)
 Metaspace       used 52029K, capacity 53930K, committed 54056K, reserved 1095680K
  class space    used 6983K, capacity 7431K, committed 7464K, reserved 1048576K
}
Event: 39.924 GC heap before
{Heap before GC invocations=17 (full 2):
 PSYoungGen      total 110592K, used 107822K [0x00000000e0000000, 0x00000000e8500000, 0x0000000100000000)
  eden space 97280K, 100% used [0x00000000e0000000,0x00000000e5f00000,0x00000000e5f00000)
  from space 13312K, 79% used [0x00000000e6d00000,0x00000000e774ba80,0x00000000e7a00000)
  to   space 14336K, 0% used [0x00000000e5f00000,0x00000000e5f00000,0x00000000e6d00000)
 ParOldGen       total 87552K, used 28537K [0x00000000a0000000, 0x00000000a5580000, 0x00000000e0000000)
  object space 87552K, 32% used [0x00000000a0000000,0x00000000a1bde798,0x00000000a5580000)
 Metaspace       used 56882K, capacity 59004K, committed 59160K, reserved 1099776K
  class space    used 7761K, capacity 8246K, committed 8360K, reserved 1048576K
Event: 39.974 GC heap after
Heap after GC invocations=17 (full 2):
 PSYoungGen      total 111616K, used 13835K [0x00000000e0000000, 0x00000000e9200000, 0x0000000100000000)
  eden space 97280K, 0% used [0x00000000e0000000,0x00000000e0000000,0x00000000e5f00000)
  from space 14336K, 96% used [0x00000000e5f00000,0x00000000e6c82c08,0x00000000e6d00000)
  to   space 15872K, 0% used [0x00000000e8280000,0x00000000e8280000,0x00000000e9200000)
 ParOldGen       total 87552K, used 28545K [0x00000000a0000000, 0x00000000a5580000, 0x00000000e0000000)
  object space 87552K, 32% used [0x00000000a0000000,0x00000000a1be0798,0x00000000a5580000)
 Metaspace       used 56882K, capacity 59004K, committed 59160K, reserved 1099776K
  class space    used 7761K, capacity 8246K, committed 8360K, reserved 1048576K
}
Event: 39.977 GC heap before
{Heap before GC invocations=18 (full 2):
 PSYoungGen      total 111616K, used 15736K [0x00000000e0000000, 0x00000000e9200000, 0x0000000100000000)
  eden space 97280K, 1% used [0x00000000e0000000,0x00000000e01db498,0x00000000e5f00000)
  from space 14336K, 96% used [0x00000000e5f00000,0x00000000e6c82c08,0x00000000e6d00000)
  to   space 15872K, 0% used [0x00000000e8280000,0x00000000e8280000,0x00000000e9200000)
 ParOldGen       total 87552K, used 28545K [0x00000000a0000000, 0x00000000a5580000, 0x00000000e0000000)
  object space 87552K, 32% used [0x00000000a0000000,0x00000000a1be0798,0x00000000a5580000)
 Metaspace       used 56884K, capacity 59004K, committed 59160K, reserved 1099776K
  class space    used 7761K, capacity 8246K, committed 8360K, reserved 1048576K
Event: 40.040 GC heap after
Heap after GC invocations=18 (full 2):
 PSYoungGen      total 133120K, used 10488K [0x00000000e0000000, 0x00000000eb480000, 0x0000000100000000)
  eden space 117248K, 0% used [0x00000000e0000000,0x00000000e0000000,0x00000000e7280000)
  from space 15872K, 66% used [0x00000000e8280000,0x00000000e8cbe030,0x00000000e9200000)
  to   space 16384K, 0% used [0x00000000e7280000,0x00000000e7280000,0x00000000e8280000)
 ParOldGen       total 87552K, used 28553K [0x00000000a0000000, 0x00000000a5580000, 0x00000000e0000000)
  object space 87552K, 32% used [0x00000000a0000000,0x00000000a1be2798,0x00000000a5580000)
 Metaspace       used 56884K, capacity 59004K, committed 59160K, reserved 1099776K
  class space    used 7761K, capacity 8246K, committed 8360K, reserved 1048576K
}
Event: 40.040 GC heap before
{Heap before GC invocations=19 (full 3):
 PSYoungGen      total 133120K, used 10488K [0x00000000e0000000, 0x00000000eb480000, 0x0000000100000000)
  eden space 117248K, 0% used [0x00000000e0000000,0x00000000e0000000,0x00000000e7280000)
  from space 15872K, 66% used [0x00000000e8280000,0x00000000e8cbe030,0x00000000e9200000)
  to   space 16384K, 0% used [0x00000000e7280000,0x00000000e7280000,0x00000000e8280000)
 ParOldGen       total 87552K, used 28553K [0x00000000a0000000, 0x00000000a5580000, 0x00000000e0000000)
  object space 87552K, 32% used [0x00000000a0000000,0x00000000a1be2798,0x00000000a5580000)
 Metaspace       used 56884K, capacity 59004K, committed 59160K, reserved 1099776K
  class space    used 7761K, capacity 8246K, committed 8360K, reserved 1048576K
Event: 40.858 GC heap after
Heap after GC invocations=19 (full 3):
 PSYoungGen      total 133120K, used 0K [0x00000000e0000000, 0x00000000eb480000, 0x0000000100000000)
  eden space 117248K, 0% used [0x00000000e0000000,0x00000000e0000000,0x00000000e7280000)
  from space 15872K, 0% used [0x00000000e8280000,0x00000000e8280000,0x00000000e9200000)
  to   space 16384K, 0% used [0x00000000e7280000,0x00000000e7280000,0x00000000e8280000)
 ParOldGen       total 109056K, used 32086K [0x00000000a0000000, 0x00000000a6a80000, 0x00000000e0000000)
  object space 109056K, 29% used [0x00000000a0000000,0x00000000a1f55968,0x00000000a6a80000)
 Metaspace       used 56879K, capacity 58986K, committed 59160K, reserved 1099776K
  class space    used 7759K, capacity 8243K, committed 8360K, reserved 1048576K
}

